<?xml version="1.0" encoding="UTF-8"?>
<coverage generated="1551544196350" clover="3.2.0">
  <project timestamp="1551544196350" name="All files">
    <metrics statements="31" coveredstatements="27" conditionals="26" coveredconditionals="21" methods="14" coveredmethods="10" elements="71" coveredelements="58" complexity="0" loc="31" ncloc="31" packages="4" files="5" classes="5"/>
    <package name="HighLightLink">
      <metrics statements="2" coveredstatements="2" conditionals="0" coveredconditionals="0" methods="1" coveredmethods="1"/>
      <file name="HighLightLink.js" path="C:\Users\apett\web-projects\tony-pettigrew-professional-website\tony-portfolio-site\components\HighLightLink\HighLightLink.js">
        <metrics statements="2" coveredstatements="2" conditionals="0" coveredconditionals="0" methods="1" coveredmethods="1"/>
        <line num="3" count="2" type="stmt"/>
        <line num="4" count="5" type="stmt"/>
      </file>
    </package>
    <package name="LandingPageContent">
      <metrics statements="25" coveredstatements="21" conditionals="26" coveredconditionals="21" methods="11" coveredmethods="7"/>
      <file name="LandingPageContent.js" path="C:\Users\apett\web-projects\tony-pettigrew-professional-website\tony-portfolio-site\components\LandingPageContent\LandingPageContent.js">
        <metrics statements="25" coveredstatements="21" conditionals="26" coveredconditionals="21" methods="11" coveredmethods="7"/>
        <line num="12" count="2" type="stmt"/>
        <line num="13" count="2" type="stmt"/>
        <line num="20" count="2" type="stmt"/>
        <line num="21" count="2" type="stmt"/>
        <line num="22" count="2" type="stmt"/>
        <line num="24" count="2" type="stmt"/>
        <line num="30" count="9" type="cond" truecount="4" falsecount="0"/>
        <line num="31" count="5" type="cond" truecount="2" falsecount="0"/>
        <line num="32" count="4" type="cond" truecount="4" falsecount="0"/>
        <line num="33" count="2" type="stmt"/>
        <line num="35" count="2" type="cond" truecount="2" falsecount="0"/>
        <line num="36" count="1" type="stmt"/>
        <line num="42" count="7" type="cond" truecount="4" falsecount="0"/>
        <line num="43" count="5" type="cond" truecount="4" falsecount="0"/>
        <line num="45" count="1" type="stmt"/>
        <line num="46" count="1" type="stmt"/>
        <line num="53" count="0" type="cond" truecount="0" falsecount="2"/>
        <line num="54" count="0" type="stmt"/>
        <line num="60" count="0" type="cond" truecount="0" falsecount="2"/>
        <line num="62" count="0" type="stmt"/>
        <line num="67" count="3" type="stmt"/>
        <line num="68" count="3" type="stmt"/>
        <line num="69" count="3" type="stmt"/>
        <line num="70" count="3" type="cond" truecount="1" falsecount="1"/>
        <line num="71" count="3" type="stmt"/>
      </file>
    </package>
    <package name="LandingPageContent.HeadlineIcon">
      <metrics statements="2" coveredstatements="2" conditionals="0" coveredconditionals="0" methods="1" coveredmethods="1"/>
      <file name="HeadlineIcon.js" path="C:\Users\apett\web-projects\tony-pettigrew-professional-website\tony-portfolio-site\components\LandingPageContent\HeadlineIcon\HeadlineIcon.js">
        <metrics statements="2" coveredstatements="2" conditionals="0" coveredconditionals="0" methods="1" coveredmethods="1"/>
        <line num="6" count="1" type="stmt"/>
        <line num="7" count="1" type="stmt"/>
      </file>
      <file name="icon-transition.css" path="C:\Users\apett\web-projects\tony-pettigrew-professional-website\tony-portfolio-site\components\LandingPageContent\HeadlineIcon\icon-transition.css">
        <metrics statements="0" coveredstatements="0" conditionals="0" coveredconditionals="0" methods="0" coveredmethods="0"/>
      </file>
    </package>
    <package name="PageWrapper">
      <metrics statements="2" coveredstatements="2" conditionals="0" coveredconditionals="0" methods="1" coveredmethods="1"/>
      <file name="PageWrapper.js" path="C:\Users\apett\web-projects\tony-pettigrew-professional-website\tony-portfolio-site\components\PageWrapper\PageWrapper.js">
        <metrics statements="2" coveredstatements="2" conditionals="0" coveredconditionals="0" methods="1" coveredmethods="1"/>
        <line num="5" count="1" type="stmt"/>
        <line num="6" count="1" type="stmt"/>
      </file>
    </package>
  </project>
</coverage>
