{"C:\\Users\\apett\\web-projects\\tony-pettigrew-professional-website\\tony-portfolio-site\\components\\HighLightLink\\HighLightLink.js": {"path":"C:\\Users\\apett\\web-projects\\tony-pettigrew-professional-website\\tony-portfolio-site\\components\\HighLightLink\\HighLightLink.js","statementMap":{"0":{"start":{"line":3,"column":22},"end":{"line":7,"column":1}},"1":{"start":{"line":4,"column":2},"end":{"line":6,"column":6}}},"fnMap":{"0":{"name":"(anonymous_0)","decl":{"start":{"line":3,"column":22},"end":{"line":3,"column":23}},"loc":{"start":{"line":4,"column":2},"end":{"line":6,"column":6}},"line":4}},"branchMap":{},"s":{"0":3,"1":8},"f":{"0":8},"b":{},"_coverageSchema":"43e27e138ebf9cfc5966b082cf9a028302ed4184","hash":"bfbc259ee069a0ed6ff47e2996f25a5ed2987875"}
,"C:\\Users\\apett\\web-projects\\tony-pettigrew-professional-website\\tony-portfolio-site\\components\\LandingPageContent\\LandingPageContent.js": {"path":"C:\\Users\\apett\\web-projects\\tony-pettigrew-professional-website\\tony-portfolio-site\\components\\LandingPageContent\\LandingPageContent.js","statementMap":{"0":{"start":{"line":7,"column":27},"end":{"line":66,"column":1}},"1":{"start":{"line":8,"column":2},"end":{"line":65,"column":19}}},"fnMap":{"0":{"name":"(anonymous_0)","decl":{"start":{"line":7,"column":27},"end":{"line":7,"column":28}},"loc":{"start":{"line":8,"column":2},"end":{"line":65,"column":19}},"line":8}},"branchMap":{},"s":{"0":2,"1":2},"f":{"0":2},"b":{},"_coverageSchema":"43e27e138ebf9cfc5966b082cf9a028302ed4184","hash":"d8b4a54a21564e7ae29c990b4e51378df4e1f0ae"}
,"C:\\Users\\apett\\web-projects\\tony-pettigrew-professional-website\\tony-portfolio-site\\components\\PageWrapper\\PageWrapper.js": {"path":"C:\\Users\\apett\\web-projects\\tony-pettigrew-professional-website\\tony-portfolio-site\\components\\PageWrapper\\PageWrapper.js","statementMap":{"0":{"start":{"line":5,"column":20},"end":{"line":25,"column":1}},"1":{"start":{"line":6,"column":2},"end":{"line":24,"column":4}}},"fnMap":{"0":{"name":"(anonymous_0)","decl":{"start":{"line":5,"column":20},"end":{"line":5,"column":21}},"loc":{"start":{"line":5,"column":38},"end":{"line":25,"column":1}},"line":5}},"branchMap":{},"s":{"0":2,"1":2},"f":{"0":2},"b":{},"_coverageSchema":"43e27e138ebf9cfc5966b082cf9a028302ed4184","hash":"848172db11b58ae7c20856a9c6ef8235fed7e1df"}
,"C:\\Users\\apett\\web-projects\\tony-pettigrew-professional-website\\tony-portfolio-site\\pages\\index.js": {"path":"C:\\Users\\apett\\web-projects\\tony-pettigrew-professional-website\\tony-portfolio-site\\pages\\index.js","statementMap":{"0":{"start":{"line":6,"column":14},"end":{"line":10,"column":1}},"1":{"start":{"line":7,"column":2},"end":{"line":9,"column":16}}},"fnMap":{"0":{"name":"(anonymous_0)","decl":{"start":{"line":6,"column":14},"end":{"line":6,"column":15}},"loc":{"start":{"line":7,"column":2},"end":{"line":9,"column":16}},"line":7}},"branchMap":{},"s":{"0":1,"1":1},"f":{"0":1},"b":{},"_coverageSchema":"43e27e138ebf9cfc5966b082cf9a028302ed4184","hash":"49695d4a5502ff667469e895215e46942269dd83"}
}
