{"C:\\Users\\apett\\web-projects\\tony-pettigrew-professional-website\\tony-portfolio-site\\components\\HighLightLink\\HighLightLink.js": {"path":"C:\\Users\\apett\\web-projects\\tony-pettigrew-professional-website\\tony-portfolio-site\\components\\HighLightLink\\HighLightLink.js","statementMap":{"0":{"start":{"line":3,"column":22},"end":{"line":7,"column":1}},"1":{"start":{"line":4,"column":2},"end":{"line":6,"column":6}}},"fnMap":{"0":{"name":"(anonymous_0)","decl":{"start":{"line":3,"column":22},"end":{"line":3,"column":23}},"loc":{"start":{"line":4,"column":2},"end":{"line":6,"column":6}},"line":4}},"branchMap":{},"s":{"0":2,"1":5},"f":{"0":5},"b":{},"_coverageSchema":"43e27e138ebf9cfc5966b082cf9a028302ed4184","hash":"bfbc259ee069a0ed6ff47e2996f25a5ed2987875"}
,"C:\\Users\\apett\\web-projects\\tony-pettigrew-professional-website\\tony-portfolio-site\\components\\LandingPageContent\\LandingPageContent.js": {"path":"C:\\Users\\apett\\web-projects\\tony-pettigrew-professional-website\\tony-portfolio-site\\components\\LandingPageContent\\LandingPageContent.js","statementMap":{"0":{"start":{"line":12,"column":4},"end":{"line":12,"column":17}},"1":{"start":{"line":13,"column":4},"end":{"line":16,"column":6}},"2":{"start":{"line":20,"column":33},"end":{"line":20,"column":43}},"3":{"start":{"line":21,"column":26},"end":{"line":21,"column":36}},"4":{"start":{"line":22,"column":22},"end":{"line":22,"column":54}},"5":{"start":{"line":24,"column":4},"end":{"line":24,"column":58}},"6":{"start":{"line":30,"column":4},"end":{"line":30,"column":49}},"7":{"start":{"line":30,"column":32},"end":{"line":30,"column":49}},"8":{"start":{"line":31,"column":4},"end":{"line":31,"column":47}},"9":{"start":{"line":31,"column":30},"end":{"line":31,"column":47}},"10":{"start":{"line":32,"column":4},"end":{"line":33,"column":17}},"11":{"start":{"line":33,"column":6},"end":{"line":33,"column":17}},"12":{"start":{"line":35,"column":4},"end":{"line":36,"column":24}},"13":{"start":{"line":35,"column":35},"end":{"line":35,"column":44}},"14":{"start":{"line":36,"column":9},"end":{"line":36,"column":24}},"15":{"start":{"line":42,"column":4},"end":{"line":42,"column":46}},"16":{"start":{"line":42,"column":29},"end":{"line":42,"column":46}},"17":{"start":{"line":43,"column":4},"end":{"line":43,"column":78}},"18":{"start":{"line":43,"column":67},"end":{"line":43,"column":78}},"19":{"start":{"line":45,"column":4},"end":{"line":49,"column":17}},"20":{"start":{"line":46,"column":6},"end":{"line":48,"column":10}},"21":{"start":{"line":46,"column":27},"end":{"line":48,"column":7}},"22":{"start":{"line":53,"column":4},"end":{"line":53,"column":60}},"23":{"start":{"line":53,"column":53},"end":{"line":53,"column":60}},"24":{"start":{"line":54,"column":4},"end":{"line":56,"column":8}},"25":{"start":{"line":54,"column":32},"end":{"line":56,"column":5}},"26":{"start":{"line":60,"column":4},"end":{"line":60,"column":46}},"27":{"start":{"line":60,"column":39},"end":{"line":60,"column":46}},"28":{"start":{"line":62,"column":4},"end":{"line":64,"column":8}},"29":{"start":{"line":62,"column":32},"end":{"line":64,"column":5}},"30":{"start":{"line":67,"column":52},"end":{"line":67,"column":62}},"31":{"start":{"line":68,"column":26},"end":{"line":68,"column":36}},"32":{"start":{"line":69,"column":17},"end":{"line":69,"column":44}},"33":{"start":{"line":70,"column":35},"end":{"line":70,"column":72}},"34":{"start":{"line":71,"column":4},"end":{"line":142,"column":6}}},"fnMap":{"0":{"name":"(anonymous_0)","decl":{"start":{"line":11,"column":2},"end":{"line":11,"column":3}},"loc":{"start":{"line":11,"column":21},"end":{"line":17,"column":3}},"line":11},"1":{"name":"(anonymous_1)","decl":{"start":{"line":19,"column":2},"end":{"line":19,"column":3}},"loc":{"start":{"line":19,"column":22},"end":{"line":25,"column":3}},"line":19},"2":{"name":"(anonymous_2)","decl":{"start":{"line":28,"column":2},"end":{"line":28,"column":3}},"loc":{"start":{"line":28,"column":32},"end":{"line":37,"column":3}},"line":28},"3":{"name":"(anonymous_3)","decl":{"start":{"line":40,"column":25},"end":{"line":40,"column":26}},"loc":{"start":{"line":40,"column":46},"end":{"line":50,"column":3}},"line":40},"4":{"name":"(anonymous_4)","decl":{"start":{"line":45,"column":16},"end":{"line":45,"column":17}},"loc":{"start":{"line":45,"column":22},"end":{"line":49,"column":5}},"line":45},"5":{"name":"(anonymous_5)","decl":{"start":{"line":46,"column":20},"end":{"line":46,"column":21}},"loc":{"start":{"line":46,"column":27},"end":{"line":48,"column":7}},"line":46},"6":{"name":"(anonymous_6)","decl":{"start":{"line":52,"column":29},"end":{"line":52,"column":30}},"loc":{"start":{"line":52,"column":34},"end":{"line":57,"column":3}},"line":52},"7":{"name":"(anonymous_7)","decl":{"start":{"line":54,"column":18},"end":{"line":54,"column":19}},"loc":{"start":{"line":54,"column":32},"end":{"line":56,"column":5}},"line":54},"8":{"name":"(anonymous_8)","decl":{"start":{"line":59,"column":27},"end":{"line":59,"column":28}},"loc":{"start":{"line":59,"column":32},"end":{"line":65,"column":3}},"line":59},"9":{"name":"(anonymous_9)","decl":{"start":{"line":62,"column":18},"end":{"line":62,"column":19}},"loc":{"start":{"line":62,"column":32},"end":{"line":64,"column":5}},"line":62},"10":{"name":"(anonymous_10)","decl":{"start":{"line":66,"column":2},"end":{"line":66,"column":3}},"loc":{"start":{"line":66,"column":11},"end":{"line":143,"column":3}},"line":66}},"branchMap":{"0":{"loc":{"start":{"line":30,"column":4},"end":{"line":30,"column":49}},"type":"if","locations":[{"start":{"line":30,"column":4},"end":{"line":30,"column":49}},{"start":{"line":30,"column":4},"end":{"line":30,"column":49}}],"line":30},"1":{"loc":{"start":{"line":30,"column":8},"end":{"line":30,"column":30}},"type":"binary-expr","locations":[{"start":{"line":30,"column":8},"end":{"line":30,"column":20}},{"start":{"line":30,"column":24},"end":{"line":30,"column":30}}],"line":30},"2":{"loc":{"start":{"line":31,"column":4},"end":{"line":31,"column":47}},"type":"if","locations":[{"start":{"line":31,"column":4},"end":{"line":31,"column":47}},{"start":{"line":31,"column":4},"end":{"line":31,"column":47}}],"line":31},"3":{"loc":{"start":{"line":32,"column":4},"end":{"line":33,"column":17}},"type":"if","locations":[{"start":{"line":32,"column":4},"end":{"line":33,"column":17}},{"start":{"line":32,"column":4},"end":{"line":33,"column":17}}],"line":32},"4":{"loc":{"start":{"line":32,"column":8},"end":{"line":32,"column":68}},"type":"binary-expr","locations":[{"start":{"line":32,"column":8},"end":{"line":32,"column":39}},{"start":{"line":32,"column":43},"end":{"line":32,"column":68}}],"line":32},"5":{"loc":{"start":{"line":35,"column":4},"end":{"line":36,"column":24}},"type":"if","locations":[{"start":{"line":35,"column":4},"end":{"line":36,"column":24}},{"start":{"line":35,"column":4},"end":{"line":36,"column":24}}],"line":35},"6":{"loc":{"start":{"line":42,"column":4},"end":{"line":42,"column":46}},"type":"if","locations":[{"start":{"line":42,"column":4},"end":{"line":42,"column":46}},{"start":{"line":42,"column":4},"end":{"line":42,"column":46}}],"line":42},"7":{"loc":{"start":{"line":42,"column":8},"end":{"line":42,"column":27}},"type":"binary-expr","locations":[{"start":{"line":42,"column":8},"end":{"line":42,"column":17}},{"start":{"line":42,"column":21},"end":{"line":42,"column":27}}],"line":42},"8":{"loc":{"start":{"line":43,"column":4},"end":{"line":43,"column":78}},"type":"if","locations":[{"start":{"line":43,"column":4},"end":{"line":43,"column":78}},{"start":{"line":43,"column":4},"end":{"line":43,"column":78}}],"line":43},"9":{"loc":{"start":{"line":43,"column":8},"end":{"line":43,"column":65}},"type":"binary-expr","locations":[{"start":{"line":43,"column":8},"end":{"line":43,"column":36}},{"start":{"line":43,"column":40},"end":{"line":43,"column":65}}],"line":43},"10":{"loc":{"start":{"line":53,"column":4},"end":{"line":53,"column":60}},"type":"if","locations":[{"start":{"line":53,"column":4},"end":{"line":53,"column":60}},{"start":{"line":53,"column":4},"end":{"line":53,"column":60}}],"line":53},"11":{"loc":{"start":{"line":60,"column":4},"end":{"line":60,"column":46}},"type":"if","locations":[{"start":{"line":60,"column":4},"end":{"line":60,"column":46}},{"start":{"line":60,"column":4},"end":{"line":60,"column":46}}],"line":60},"12":{"loc":{"start":{"line":70,"column":35},"end":{"line":70,"column":72}},"type":"cond-expr","locations":[{"start":{"line":70,"column":55},"end":{"line":70,"column":67}},{"start":{"line":70,"column":70},"end":{"line":70,"column":72}}],"line":70}},"s":{"0":2,"1":2,"2":2,"3":2,"4":2,"5":2,"6":9,"7":4,"8":5,"9":1,"10":4,"11":2,"12":2,"13":1,"14":1,"15":7,"16":2,"17":5,"18":4,"19":1,"20":1,"21":1,"22":0,"23":0,"24":0,"25":0,"26":0,"27":0,"28":0,"29":0,"30":3,"31":3,"32":3,"33":3,"34":3},"f":{"0":2,"1":2,"2":9,"3":7,"4":1,"5":1,"6":0,"7":0,"8":0,"9":0,"10":3},"b":{"0":[4,5],"1":[9,6],"2":[1,4],"3":[2,2],"4":[4,3],"5":[1,1],"6":[2,5],"7":[7,6],"8":[4,1],"9":[5,4],"10":[0,0],"11":[0,0],"12":[0,3]},"_coverageSchema":"43e27e138ebf9cfc5966b082cf9a028302ed4184","hash":"613cbfaba8eac0bc71e53fd239b6f8797af5520d"}
,"C:\\Users\\apett\\web-projects\\tony-pettigrew-professional-website\\tony-portfolio-site\\components\\LandingPageContent\\HeadlineIcon\\HeadlineIcon.js": {"path":"C:\\Users\\apett\\web-projects\\tony-pettigrew-professional-website\\tony-portfolio-site\\components\\LandingPageContent\\HeadlineIcon\\HeadlineIcon.js","statementMap":{"0":{"start":{"line":6,"column":21},"end":{"line":8,"column":1}},"1":{"start":{"line":7,"column":2},"end":{"line":7,"column":49}}},"fnMap":{"0":{"name":"(anonymous_0)","decl":{"start":{"line":6,"column":21},"end":{"line":6,"column":22}},"loc":{"start":{"line":7,"column":2},"end":{"line":7,"column":49}},"line":7}},"branchMap":{},"s":{"0":1,"1":1},"f":{"0":1},"b":{},"_coverageSchema":"43e27e138ebf9cfc5966b082cf9a028302ed4184","hash":"590347773cf447a5d4b6089442ab84f85897acd0"}
,"C:\\Users\\apett\\web-projects\\tony-pettigrew-professional-website\\tony-portfolio-site\\components\\LandingPageContent\\HeadlineIcon\\icon-transition.css": {"path":"C:\\Users\\apett\\web-projects\\tony-pettigrew-professional-website\\tony-portfolio-site\\components\\LandingPageContent\\HeadlineIcon\\icon-transition.css","statementMap":{},"fnMap":{},"branchMap":{},"s":{},"f":{},"b":{},"_coverageSchema":"43e27e138ebf9cfc5966b082cf9a028302ed4184","hash":"c902108be30ade8cc3e968ae20e98d85d2bfc3fe"}
,"C:\\Users\\apett\\web-projects\\tony-pettigrew-professional-website\\tony-portfolio-site\\components\\PageWrapper\\PageWrapper.js": {"path":"C:\\Users\\apett\\web-projects\\tony-pettigrew-professional-website\\tony-portfolio-site\\components\\PageWrapper\\PageWrapper.js","statementMap":{"0":{"start":{"line":5,"column":20},"end":{"line":25,"column":1}},"1":{"start":{"line":6,"column":2},"end":{"line":24,"column":4}}},"fnMap":{"0":{"name":"(anonymous_0)","decl":{"start":{"line":5,"column":20},"end":{"line":5,"column":21}},"loc":{"start":{"line":5,"column":38},"end":{"line":25,"column":1}},"line":5}},"branchMap":{},"s":{"0":1,"1":1},"f":{"0":1},"b":{},"_coverageSchema":"43e27e138ebf9cfc5966b082cf9a028302ed4184","hash":"848172db11b58ae7c20856a9c6ef8235fed7e1df"}
}
