TN:
SF:C:\Users\apett\web-projects\tony-pettigrew-professional-website\tony-portfolio-site\components\HighLightLink\HighLightLink.js
FN:3,(anonymous_0)
FNF:1
FNH:1
FNDA:8,(anonymous_0)
DA:3,3
DA:4,8
LF:2
LH:2
BRF:0
BRH:0
end_of_record
TN:
SF:C:\Users\apett\web-projects\tony-pettigrew-professional-website\tony-portfolio-site\components\LandingPageContent\LandingPageContent.js
FN:7,(anonymous_0)
FNF:1
FNH:1
FNDA:2,(anonymous_0)
DA:7,2
DA:8,2
LF:2
LH:2
BRF:0
BRH:0
end_of_record
TN:
SF:C:\Users\apett\web-projects\tony-pettigrew-professional-website\tony-portfolio-site\components\PageWrapper\PageWrapper.js
FN:5,(anonymous_0)
FNF:1
FNH:1
FNDA:2,(anonymous_0)
DA:5,2
DA:6,2
LF:2
LH:2
BRF:0
BRH:0
end_of_record
TN:
SF:C:\Users\apett\web-projects\tony-pettigrew-professional-website\tony-portfolio-site\pages\index.js
FN:6,(anonymous_0)
FNF:1
FNH:1
FNDA:1,(anonymous_0)
DA:6,1
DA:7,1
LF:2
LH:2
BRF:0
BRH:0
end_of_record
