TN:
SF:C:\Users\apett\web-projects\tony-pettigrew-professional-website\tony-portfolio-site\components\HighLightLink\HighLightLink.js
FN:3,(anonymous_0)
FNF:1
FNH:1
FNDA:5,(anonymous_0)
DA:3,2
DA:4,5
LF:2
LH:2
BRF:0
BRH:0
end_of_record
TN:
SF:C:\Users\apett\web-projects\tony-pettigrew-professional-website\tony-portfolio-site\components\LandingPageContent\LandingPageContent.js
FN:11,(anonymous_0)
FN:19,(anonymous_1)
FN:28,(anonymous_2)
FN:40,(anonymous_3)
FN:45,(anonymous_4)
FN:46,(anonymous_5)
FN:52,(anonymous_6)
FN:54,(anonymous_7)
FN:59,(anonymous_8)
FN:62,(anonymous_9)
FN:66,(anonymous_10)
FNF:11
FNH:7
FNDA:2,(anonymous_0)
FNDA:2,(anonymous_1)
FNDA:9,(anonymous_2)
FNDA:7,(anonymous_3)
FNDA:1,(anonymous_4)
FNDA:1,(anonymous_5)
FNDA:0,(anonymous_6)
FNDA:0,(anonymous_7)
FNDA:0,(anonymous_8)
FNDA:0,(anonymous_9)
FNDA:3,(anonymous_10)
DA:12,2
DA:13,2
DA:20,2
DA:21,2
DA:22,2
DA:24,2
DA:30,9
DA:31,5
DA:32,4
DA:33,2
DA:35,2
DA:36,1
DA:42,7
DA:43,5
DA:45,1
DA:46,1
DA:53,0
DA:54,0
DA:60,0
DA:62,0
DA:67,3
DA:68,3
DA:69,3
DA:70,3
DA:71,3
LF:25
LH:21
BRDA:30,0,0,4
BRDA:30,0,1,5
BRDA:30,1,0,9
BRDA:30,1,1,6
BRDA:31,2,0,1
BRDA:31,2,1,4
BRDA:32,3,0,2
BRDA:32,3,1,2
BRDA:32,4,0,4
BRDA:32,4,1,3
BRDA:35,5,0,1
BRDA:35,5,1,1
BRDA:42,6,0,2
BRDA:42,6,1,5
BRDA:42,7,0,7
BRDA:42,7,1,6
BRDA:43,8,0,4
BRDA:43,8,1,1
BRDA:43,9,0,5
BRDA:43,9,1,4
BRDA:53,10,0,0
BRDA:53,10,1,0
BRDA:60,11,0,0
BRDA:60,11,1,0
BRDA:70,12,0,0
BRDA:70,12,1,3
BRF:26
BRH:21
end_of_record
TN:
SF:C:\Users\apett\web-projects\tony-pettigrew-professional-website\tony-portfolio-site\components\LandingPageContent\HeadlineIcon\HeadlineIcon.js
FN:6,(anonymous_0)
FNF:1
FNH:1
FNDA:1,(anonymous_0)
DA:6,1
DA:7,1
LF:2
LH:2
BRF:0
BRH:0
end_of_record
TN:
SF:C:\Users\apett\web-projects\tony-pettigrew-professional-website\tony-portfolio-site\components\LandingPageContent\HeadlineIcon\icon-transition.css
FNF:0
FNH:0
LF:0
LH:0
BRF:0
BRH:0
end_of_record
TN:
SF:C:\Users\apett\web-projects\tony-pettigrew-professional-website\tony-portfolio-site\components\PageWrapper\PageWrapper.js
FN:5,(anonymous_0)
FNF:1
FNH:1
FNDA:1,(anonymous_0)
DA:5,1
DA:6,1
LF:2
LH:2
BRF:0
BRH:0
end_of_record
